C51 COMPILER V9.60.7.0   MAIN                                                              01/09/2024 18:44:49 PAGE 1   


C51 COMPILER V9.60.7.0, COMPILATION OF MODULE MAIN
OBJECT MODULE PLACED IN .\Objects\main.obj
COMPILER INVOKED BY: C:\Keil_v5\C51\BIN\C51.EXE main.c OPTIMIZE(0,SPEED) BROWSE DEBUG OBJECTEXTEND PRINT(.\Listings\main
                    -.lst) TABS(2) OBJECT(.\Objects\main.obj)

line level    source

   1          #include <REG51F380.H>
   2          #include <stdio.h>
   3          #include "types.h"
   4          #include "lcd1602.h"
   5          #include <intrins.h>
   6          
   7          sbit PB1 = P0^6;
   8          sbit trig = P1^0;
   9          sbit echo = P1^1;
  10          sbit buzz = P1^2;
  11          unsigned int distance=0;
  12          // LCD ADDRESS 0x27
  13          #define LCD_ADDR_W 0x4E
  14          #define LCD_ADDR_R 0x4F
  15          
  16          /*******************
  17           * function prototypes                                   *
  18           *******************/
  19          void init_device(void);
  20          
  21           
  22          /*******************/ 
  23          void init_device(void){
  24   1        P0MDOUT   = 0x04;
  25   1        PCA0MD    = 0x00;
  26   1        CLKSEL    = 0x02;
  27   1        XBR1      = 0x40;
  28   1        P1MDOUT |= (1 << 2); // Define o pino P1^2 como saída
  29   1      }
  30            void timer2_init(void){
  31   1          // sysclock /12
  32   1          TMR2CN = 0;
  33   1          #define B_T2MH 5  
  34   1          
  35   1          //Timer 2 high byte T2MH and low byte T2ML use the system clock
  36   1          CKCON &= ~((1 << B_T2MH));
  37   1          TMR2H = 0;
  38   1          TMR2L = 0;  
  39   1      }
  40          
  41          /*******************
  42           * main loop                                             *
  43           *******************/
  44          
  45          void main(){
  46   1        int rc;
  47   1        
  48   1        unsigned int i = 0;
  49   1        
  50   1        init_device();
  51   1        timer2_init();
  52   1        buzz = 0;
  53   1        trig=1;
  54   1        
C51 COMPILER V9.60.7.0   MAIN                                                              01/09/2024 18:44:49 PAGE 2   

  55   1        TMR2H = 0;
  56   1        TMR2L = 0;  
  57   1      
  58   1        rc = lcd1602Init(LCD_ADDR_W);
  59   1        
  60   1        lcd1602Clear(LCD_ADDR_W);     // clear the memory
  61   1            
  62   1        lcd1602Control(LCD_ADDR_W, 1,0,1); // backlight on, underline on, blink block on 
  63   1          
  64   1        lcd1602SetCursor(LCD_ADDR_W, 0, 0);
  65   1          
  66   1        lcd1602WriteString(LCD_ADDR_W, "Distancia:");
  67   1        
  68   1          while(1){
  69   2            char str[6]={0};
  70   2            buzz = 0;
  71   2            trig=0;
  72   2            while(echo==0 && i<5000){
  73   3              i++;
  74   3            }
  75   2            i = 0;
  76   2            
  77   2            TR2 = 1;
  78   2            while(echo==1);
  79   2            TR2 = 0;
  80   2      
  81   2            trig = 1;
  82   2            
  83   2            distance=TMR2H<<8;
  84   2            distance+=TMR2L;
  85   2            distance*=0.5;
  86   2            distance=distance*0.034/2;
  87   2            TMR2H = 0;
  88   2            TMR2L = 0;  
  89   2                
  90   2            sprintf(str,"%d",distance);
  91   2            
  92   2            if(distance<300){
  93   3                
  94   3              lcd1602Control(LCD_ADDR_W, 1,0,1); // backlight on, underline on, blink block on 
  95   3            
  96   3              lcd1602SetCursor(LCD_ADDR_W, 10,0);
  97   3          
  98   3              lcd1602WriteString(LCD_ADDR_W, "   ");
  99   3              
 100   3              lcd1602Control(LCD_ADDR_W, 1,0,1); // backlight on, underline on, blink block on 
 101   3            
 102   3              lcd1602SetCursor(LCD_ADDR_W, 10,0);
 103   3          
 104   3              lcd1602WriteString(LCD_ADDR_W, str);
 105   3            
 106   3              lcd1602Control(LCD_ADDR_W, 1,0,1); // backlight on, underline on, blink block on 
 107   3          
 108   3              lcd1602SetCursor(LCD_ADDR_W, 14, 0);
 109   3          
 110   3              lcd1602WriteString(LCD_ADDR_W, "cm");
 111   3              
 112   3              lcd1602Control(LCD_ADDR_W, 1,0,1); // backlight on, underline on, blink block on 
 113   3          
 114   3              lcd1602SetCursor(LCD_ADDR_W,4, 1);
 115   3          
 116   3              lcd1602WriteString(LCD_ADDR_W, "                ");
C51 COMPILER V9.60.7.0   MAIN                                                              01/09/2024 18:44:49 PAGE 3   

 117   3            }
 118   2            
 119   2            if(distance<20){
 120   3      
 121   3              buzz = 1;
 122   3              lcd1602Control(LCD_ADDR_W, 1,0,1); // backlight on, underline on, blink block on 
 123   3          
 124   3              lcd1602SetCursor(LCD_ADDR_W,4, 1);
 125   3          
 126   3              lcd1602WriteString(LCD_ADDR_W, "CAUTION!");
 127   3            }
 128   2          }
 129   1      }


MODULE INFORMATION:   STATIC OVERLAYABLE
   CODE SIZE        =    500    ----
   CONSTANT SIZE    =     53    ----
   XDATA SIZE       =   ----    ----
   PDATA SIZE       =   ----    ----
   DATA SIZE        =     12    ----
   IDATA SIZE       =   ----    ----
   BIT SIZE         =   ----    ----
END OF MODULE INFORMATION.


C51 COMPILATION COMPLETE.  0 WARNING(S),  0 ERROR(S)
